<?xml version="1.0" encoding="UTF-8"?>
<!-- Generated by org.testng.reporters.JUnitXMLReporter -->
<testsuite ignored="2" hostname="BOOK-DA60ANED4E" failures="0" tests="1" name="Default test" time="8.489" errors="0" timestamp="2023-12-04T13:09:27 CST">
  <testcase classname="com.tutorialsninja.qa.TestCases.SearchProductTest" name="verifySearchWithNoProduct" time="1.498"/>
  <testcase classname="com.tutorialsninja.qa.TestCases.SearchProductTest" name="verifySearchWithValidProduct" time="0.0">
    <ignored/>
  </testcase> <!-- verifySearchWithValidProduct -->
  <testcase classname="com.tutorialsninja.qa.TestCases.SearchProductTest" name="verifySearchWithInvalidProduct" time="0.0">
    <ignored/>
  </testcase> <!-- verifySearchWithInvalidProduct -->
</testsuite> <!-- Default test -->
