<?xml version="1.0" encoding="UTF-8"?>
<testng-results ignored="2" total="3" passed="1" failed="0" skipped="0">
  <reporter-output>
  </reporter-output>
  <suite started-at="2023-12-04T13:09:19 CST" name="Default suite" finished-at="2023-12-04T13:09:27 CST" duration-ms="8489">
    <groups>
    </groups>
    <test started-at="2023-12-04T13:09:19 CST" name="Default test" finished-at="2023-12-04T13:09:27 CST" duration-ms="8489">
      <class name="com.tutorialsninja.qa.TestCases.SearchProductTest">
        <test-method is-config="true" signature="registerSetup()[pri:0, instance:com.tutorialsninja.qa.TestCases.SearchProductTest@f736069]" started-at="2023-12-04T13:09:19 CST" name="registerSetup" finished-at="2023-12-04T13:09:25 CST" duration-ms="6813" status="PASS">
          <reporter-output>
          </reporter-output>
        </test-method> <!-- registerSetup -->
        <test-method signature="verifySearchWithNoProduct()[pri:3, instance:com.tutorialsninja.qa.TestCases.SearchProductTest@f736069]" started-at="2023-12-04T13:09:25 CST" name="verifySearchWithNoProduct" finished-at="2023-12-04T13:09:27 CST" duration-ms="1498" status="PASS">
          <reporter-output>
          </reporter-output>
        </test-method> <!-- verifySearchWithNoProduct -->
        <test-method is-config="true" signature="tearDown()[pri:0, instance:com.tutorialsninja.qa.TestCases.SearchProductTest@f736069]" started-at="2023-12-04T13:09:27 CST" name="tearDown" finished-at="2023-12-04T13:09:27 CST" duration-ms="135" status="PASS">
          <reporter-output>
          </reporter-output>
        </test-method> <!-- tearDown -->
      </class> <!-- com.tutorialsninja.qa.TestCases.SearchProductTest -->
    </test> <!-- Default test -->
  </suite> <!-- Default suite -->
</testng-results>
